# JRE version: OpenJDK Runtime Environment Zulu13.44+13-CA (13.0.9+3) (build 13.0.9+3-MTS)
# Java VM: OpenJDK 64-Bit Server VM Zulu13.44+13-CA (13.0.9+3-MTS, mixed mode, tiered, compressed oops, g1 gc, bsd-aarch64)
Heap:
 garbage-first heap   total 61440K, used 28369K [0x00000006c0000000, 0x00000007c0000000)
  region size 1024K, 21 young (21504K), 7 survivors (7168K)
 Metaspace       used 36195K, capacity 37403K, committed 37712K, reserved 1081344K
  class space    used 4563K, capacity 5044K, committed 5120K, reserved 1048576K
GC Heap History (14 events):
Event: 0.299 GC heap before
{Heap before GC invocations=0 (full 0):
 garbage-first heap   total 262144K, used 23552K [0x00000006c0000000, 0x00000007c0000000)
  region size 1024K, 24 young (24576K), 0 survivors (0K)
 Metaspace       used 13416K, capacity 13797K, committed 13824K, reserved 1060864K
  class space    used 1397K, capacity 1510K, committed 1536K, reserved 1048576K
}
Event: 0.302 GC heap after
{Heap after GC invocations=1 (full 0):
 garbage-first heap   total 262144K, used 6322K [0x00000006c0000000, 0x00000007c0000000)
  region size 1024K, 3 young (3072K), 3 survivors (3072K)
 Metaspace       used 13416K, capacity 13797K, committed 13824K, reserved 1060864K
  class space    used 1397K, capacity 1510K, committed 1536K, reserved 1048576K
}
Event: 0.377 GC heap before
{Heap before GC invocations=1 (full 0):
 garbage-first heap   total 262144K, used 25778K [0x00000006c0000000, 0x00000007c0000000)
  region size 1024K, 22 young (22528K), 3 survivors (3072K)
 Metaspace       used 15419K, capacity 15812K, committed 16000K, reserved 1062912K
  class space    used 1669K, capacity 1823K, committed 1920K, reserved 1048576K
}
Event: 0.379 GC heap after
{Heap after GC invocations=2 (full 0):
 garbage-first heap   total 262144K, used 6957K [0x00000006c0000000, 0x00000007c0000000)
  region size 1024K, 1 young (1024K), 1 survivors (1024K)
 Metaspace       used 15419K, capacity 15812K, committed 16000K, reserved 1062912K
  class space    used 1669K, capacity 1823K, committed 1920K, reserved 1048576K
}
Event: 0.510 GC heap before
{Heap before GC invocations=2 (full 0):
 garbage-first heap   total 262144K, used 45869K [0x00000006c0000000, 0x00000007c0000000)
  region size 1024K, 40 young (40960K), 1 survivors (1024K)
 Metaspace       used 20613K, capacity 21193K, committed 21296K, reserved 1069056K
  class space    used 2423K, capacity 2653K, committed 2688K, reserved 1048576K
}
Event: 0.512 GC heap after
{Heap after GC invocations=3 (full 0):
 garbage-first heap   total 262144K, used 8336K [0x00000006c0000000, 0x00000007c0000000)
  region size 1024K, 3 young (3072K), 3 survivors (3072K)
 Metaspace       used 20613K, capacity 21193K, committed 21296K, reserved 1069056K
  class space    used 2423K, capacity 2653K, committed 2688K, reserved 1048576K
}
Event: 0.568 GC heap before
{Heap before GC invocations=4 (full 0):
 garbage-first heap   total 40960K, used 39056K [0x00000006c0000000, 0x00000007c0000000)
  region size 1024K, 33 young (33792K), 3 survivors (3072K)
 Metaspace       used 23084K, capacity 23807K, committed 24112K, reserved 1071104K
  class space    used 2846K, capacity 3116K, committed 3200K, reserved 1048576K
}
Event: 0.570 GC heap after
{Heap after GC invocations=5 (full 0):
 garbage-first heap   total 44032K, used 9272K [0x00000006c0000000, 0x00000007c0000000)
  region size 1024K, 3 young (3072K), 3 survivors (3072K)
 Metaspace       used 23084K, capacity 23807K, committed 24112K, reserved 1071104K
  class space    used 2846K, capacity 3116K, committed 3200K, reserved 1048576K
}
Event: 0.630 GC heap before
{Heap before GC invocations=5 (full 0):
 garbage-first heap   total 44032K, used 28728K [0x00000006c0000000, 0x00000007c0000000)
  region size 1024K, 23 young (23552K), 3 survivors (3072K)
 Metaspace       used 25065K, capacity 25793K, committed 25904K, reserved 1071104K
  class space    used 3075K, capacity 3354K, committed 3456K, reserved 1048576K
}
Event: 0.633 GC heap after
{Heap after GC invocations=6 (full 0):
 garbage-first heap   total 153600K, used 9938K [0x00000006c0000000, 0x00000007c0000000)
  region size 1024K, 2 young (2048K), 2 survivors (2048K)
 Metaspace       used 25065K, capacity 25793K, committed 25904K, reserved 1071104K
  class space    used 3075K, capacity 3354K, committed 3456K, reserved 1048576K
}
Event: 0.880 GC heap before
{Heap before GC invocations=6 (full 0):
 garbage-first heap   total 153600K, used 71378K [0x00000006c0000000, 0x00000007c0000000)
  region size 1024K, 63 young (64512K), 2 survivors (2048K)
 Metaspace       used 30587K, capacity 31480K, committed 31536K, reserved 1077248K
  class space    used 3837K, capacity 4176K, committed 4224K, reserved 1048576K
}
Event: 0.882 GC heap after
{Heap after GC invocations=7 (full 0):
 garbage-first heap   total 153600K, used 12244K [0x00000006c0000000, 0x00000007c0000000)
  region size 1024K, 4 young (4096K), 4 survivors (4096K)
 Metaspace       used 30587K, capacity 31480K, committed 31536K, reserved 1077248K
  class space    used 3837K, capacity 4176K, committed 4224K, reserved 1048576K
}
Event: 1.076 GC heap before
{Heap before GC invocations=7 (full 0):
 garbage-first heap   total 153600K, used 66516K [0x00000006c0000000, 0x00000007c0000000)
  region size 1024K, 58 young (59392K), 4 survivors (4096K)
 Metaspace       used 34653K, capacity 35824K, committed 35920K, reserved 1081344K
  class space    used 4349K, capacity 4816K, committed 4864K, reserved 1048576K
}
Event: 1.081 GC heap after
{Heap after GC invocations=8 (full 0):
 garbage-first heap   total 153600K, used 15057K [0x00000006c0000000, 0x00000007c0000000)
  region size 1024K, 7 young (7168K), 7 survivors (7168K)
 Metaspace       used 34653K, capacity 35824K, committed 35920K, reserved 1081344K
  class space    used 4349K, capacity 4816K, committed 4864K, reserved 1048576K
}

