# JRE version: OpenJDK Runtime Environment Zulu13.44+13-CA (13.0.9+3) (build 13.0.9+3-MTS)
# Java VM: OpenJDK 64-Bit Server VM Zulu13.44+13-CA (13.0.9+3-MTS, mixed mode, tiered, compressed oops, g1 gc, bsd-aarch64)
Heap:
 garbage-first heap   total 58368K, used 30370K [0x00000006c0000000, 0x00000007c0000000)
  region size 1024K, 23 young (23552K), 7 survivors (7168K)
 Metaspace       used 36278K, capacity 37439K, committed 37712K, reserved 1081344K
  class space    used 4571K, capacity 5008K, committed 5120K, reserved 1048576K
GC Heap History (14 events):
Event: 0.300 GC heap before
{Heap before GC invocations=0 (full 0):
 garbage-first heap   total 262144K, used 23552K [0x00000006c0000000, 0x00000007c0000000)
  region size 1024K, 24 young (24576K), 0 survivors (0K)
 Metaspace       used 12840K, capacity 13118K, committed 13312K, reserved 1060864K
  class space    used 1324K, capacity 1428K, committed 1536K, reserved 1048576K
}
Event: 0.304 GC heap after
{Heap after GC invocations=1 (full 0):
 garbage-first heap   total 262144K, used 5989K [0x00000006c0000000, 0x00000007c0000000)
  region size 1024K, 3 young (3072K), 3 survivors (3072K)
 Metaspace       used 12840K, capacity 13118K, committed 13312K, reserved 1060864K
  class space    used 1324K, capacity 1428K, committed 1536K, reserved 1048576K
}
Event: 0.538 GC heap before
{Heap before GC invocations=1 (full 0):
 garbage-first heap   total 262144K, used 75621K [0x00000006c0000000, 0x00000007c0000000)
  region size 1024K, 72 young (73728K), 3 survivors (3072K)
 Metaspace       used 20636K, capacity 21192K, committed 21296K, reserved 1069056K
  class space    used 2428K, capacity 2649K, committed 2688K, reserved 1048576K
}
Event: 0.541 GC heap after
{Heap after GC invocations=2 (full 0):
 garbage-first heap   total 262144K, used 8253K [0x00000006c0000000, 0x00000007c0000000)
  region size 1024K, 6 young (6144K), 6 survivors (6144K)
 Metaspace       used 20636K, capacity 21192K, committed 21296K, reserved 1069056K
  class space    used 2428K, capacity 2649K, committed 2688K, reserved 1048576K
}
Event: 0.588 GC heap before
{Heap before GC invocations=3 (full 0):
 garbage-first heap   total 37888K, used 35901K [0x00000006c0000000, 0x00000007c0000000)
  region size 1024K, 34 young (34816K), 6 survivors (6144K)
 Metaspace       used 22819K, capacity 23466K, committed 23728K, reserved 1071104K
  class space    used 2801K, capacity 3043K, committed 3072K, reserved 1048576K
}
Event: 0.591 GC heap after
{Heap after GC invocations=4 (full 0):
 garbage-first heap   total 44032K, used 9021K [0x00000006c0000000, 0x00000007c0000000)
  region size 1024K, 6 young (6144K), 6 survivors (6144K)
 Metaspace       used 22819K, capacity 23466K, committed 23728K, reserved 1071104K
  class space    used 2801K, capacity 3043K, committed 3072K, reserved 1048576K
}
Event: 0.626 GC heap before
{Heap before GC invocations=4 (full 0):
 garbage-first heap   total 44032K, used 27453K [0x00000006c0000000, 0x00000007c0000000)
  region size 1024K, 25 young (25600K), 6 survivors (6144K)
 Metaspace       used 24262K, capacity 25022K, committed 25264K, reserved 1071104K
  class space    used 3005K, capacity 3285K, committed 3328K, reserved 1048576K
}
Event: 0.629 GC heap after
{Heap after GC invocations=5 (full 0):
 garbage-first heap   total 44032K, used 9996K [0x00000006c0000000, 0x00000007c0000000)
  region size 1024K, 2 young (2048K), 2 survivors (2048K)
 Metaspace       used 24262K, capacity 25022K, committed 25264K, reserved 1071104K
  class space    used 3005K, capacity 3285K, committed 3328K, reserved 1048576K
}
Event: 0.662 GC heap before
{Heap before GC invocations=5 (full 0):
 garbage-first heap   total 44032K, used 29452K [0x00000006c0000000, 0x00000007c0000000)
  region size 1024K, 22 young (22528K), 2 survivors (2048K)
 Metaspace       used 26208K, capacity 26939K, committed 27056K, reserved 1073152K
  class space    used 3217K, capacity 3498K, committed 3584K, reserved 1048576K
}
Event: 0.663 GC heap after
{Heap after GC invocations=6 (full 0):
 garbage-first heap   total 153600K, used 10322K [0x00000006c0000000, 0x00000007c0000000)
  region size 1024K, 3 young (3072K), 3 survivors (3072K)
 Metaspace       used 26208K, capacity 26939K, committed 27056K, reserved 1073152K
  class space    used 3217K, capacity 3498K, committed 3584K, reserved 1048576K
}
Event: 0.957 GC heap before
{Heap before GC invocations=6 (full 0):
 garbage-first heap   total 153600K, used 85074K [0x00000006c0000000, 0x00000007c0000000)
  region size 1024K, 77 young (78848K), 3 survivors (3072K)
 Metaspace       used 32564K, capacity 33631K, committed 33968K, reserved 1079296K
  class space    used 4089K, capacity 4485K, committed 4608K, reserved 1048576K
}
Event: 0.960 GC heap after
{Heap after GC invocations=7 (full 0):
 garbage-first heap   total 153600K, used 13304K [0x00000006c0000000, 0x00000007c0000000)
  region size 1024K, 6 young (6144K), 6 survivors (6144K)
 Metaspace       used 32564K, capacity 33631K, committed 33968K, reserved 1079296K
  class space    used 4089K, capacity 4485K, committed 4608K, reserved 1048576K
}
Event: 1.089 GC heap before
{Heap before GC invocations=7 (full 0):
 garbage-first heap   total 153600K, used 50168K [0x00000006c0000000, 0x00000007c0000000)
  region size 1024K, 43 young (44032K), 6 survivors (6144K)
 Metaspace       used 34717K, capacity 35796K, committed 35920K, reserved 1081344K
  class space    used 4353K, capacity 4780K, committed 4864K, reserved 1048576K
}
Event: 1.094 GC heap after
{Heap after GC invocations=8 (full 0):
 garbage-first heap   total 153600K, used 15010K [0x00000006c0000000, 0x00000007c0000000)
  region size 1024K, 7 young (7168K), 7 survivors (7168K)
 Metaspace       used 34717K, capacity 35796K, committed 35920K, reserved 1081344K
  class space    used 4353K, capacity 4780K, committed 4864K, reserved 1048576K
}

